Arguments: 
  C:\Program Files\nodejs\node.exe C:\Users\86185\AppData\Roaming\npm\node_modules\yarn\bin\yarn.js install

PATH: 
  C:\Users\86185\bin;C:\Program Files\Git\mingw64\bin;C:\Program Files\Git\usr\local\bin;C:\Program Files\Git\usr\bin;C:\Program Files\Git\usr\bin;C:\Program Files\Git\mingw64\bin;C:\Program Files\Git\usr\bin;C:\Users\86185\bin;C:\Windows\system32;C:\Windows;C:\Windows\System32\Wbem;C:\Windows\System32\WindowsPowerShell\v1.0;C:\Windows\System32\OpenSSH;C:\Program Files (x86)\NVIDIA Corporation\PhysX\Common;C:\Program Files\NVIDIA Corporation\NVIDIA NvDLISR;C:\Program Files\nodejs;C:\Program Files\Git\cmd;C:\Users\86185\AppData\Local\Microsoft\WindowsApps;C:\Users\86185\AppData\Roaming\npm;D:\Microsoft VS Code\bin;D:\Bandizip;C:\Program Files\Git\usr\bin\vendor_perl;C:\Program Files\Git\usr\bin\core_perl

Yarn version: 
  1.17.3

Node version: 
  10.16.3

Platform: 
  win32 x64

Trace: 
  Error: ENOENT: no such file or directory, open 'C:\Users\86185\AppData\Local\Yarn\Cache\v4\npm-@expo-ngrok-bin-freebsd-ia32-2.2.8-7b198757f6bb6602a4c2bc5384b4ddb4d272eca5\node_modules\@expo\ngrok-bin-freebsd-ia32\.yarn-metadata.json'

npm manifest: 
  {
    "name": "stream-taro",
    "version": "1.0.0",
    "private": true,
    "description": "a cross platform app for stream",
    "templateInfo": {
      "name": "mobx",
      "typescript": false,
      "css": "sass"
    },
    "main": "index.js",
    "scripts": {
      "build:weapp": "taro build --type weapp",
      "build:swan": "taro build --type swan",
      "build:alipay": "taro build --type alipay",
      "build:tt": "taro build --type tt",
      "build:h5": "taro build --type h5",
      "build:rn": "taro build --type rn",
      "dev:weapp": "npm run build:weapp -- --watch",
      "dev:swan": "npm run build:swan -- --watch",
      "dev:alipay": "npm run build:alipay -- --watch",
      "dev:tt": "npm run build:tt -- --watch",
      "dev:h5": "npm run build:h5 -- --watch",
      "dev:rn": "npm run build:rn -- --watch"
    },
    "author": "",
    "license": "MIT",
    "dependencies": {
      "@tarojs/components": "1.3.18",
      "@tarojs/router": "1.3.18",
      "@tarojs/taro": "1.3.18",
      "@tarojs/taro-alipay": "1.3.18",
      "@tarojs/taro-h5": "1.3.18",
      "@tarojs/taro-swan": "1.3.18",
      "@tarojs/taro-tt": "1.3.18",
      "@tarojs/taro-weapp": "1.3.18",
      "@tarojs/rn-runner": "1.3.18",
      "@tarojs/mobx": "1.3.18",
      "@tarojs/mobx-h5": "1.3.18",
      "@tarojs/mobx-rn": "1.3.18",
      "mobx": "4.8.0",
      "nervjs": "^1.4.0",
      "nerv-devtools": "^1.4.0"
    },
    "devDependencies": {
      "@types/react": "16.3.14",
      "@types/webpack-env": "^1.13.6",
      "@tarojs/plugin-babel": "1.3.18",
      "@tarojs/plugin-csso": "1.3.18",
      "@tarojs/plugin-sass": "1.3.18",
      "@tarojs/plugin-uglifyjs": "1.3.18",
      "@tarojs/webpack-runner": "1.3.18",
      "babel-plugin-transform-class-properties": "^6.24.1",
      "babel-plugin-transform-decorators-legacy": "^1.3.4",
      "babel-plugin-transform-jsx-stylesheet": "^0.6.5",
      "babel-plugin-transform-object-rest-spread": "^6.26.0",
      "babel-preset-env": "^1.6.1",
      "babel-eslint": "^8.2.3",
      "eslint": "^5.16.0",
      "eslint-config-taro": "1.3.18",
      "eslint-plugin-react": "^7.8.2",
      "eslint-plugin-react-hooks": "^1.6.1",
      "eslint-plugin-import": "^2.12.0",
      "stylelint": "9.3.0",
      "stylelint-config-taro-rn": "1.3.18",
      "stylelint-taro-rn": "1.3.18",
      "eslint-plugin-taro": "1.3.18"
    }
  }

yarn manifest: 
  No manifest

Lockfile: 
  No lockfile
